build/app/outputs/mapping/release/mapping.txt
# compiler: R8
# compiler_version: 1.5.64
# min_api: 21
# pg_map_id: 48cae42
...
com.google.firebase.auth.api.internal.zzcr -> com.google.firebase.auth.k0.a.r0:
    com.google.firebase.auth.api.internal.zzcs zza -> a
    void accept(java.lang.Object,java.lang.Object) -> a
com.google.firebase.auth.api.internal.zzcs -> com.google.firebase.auth.k0.a.s0:
    com.google.android.gms.internal.firebase_auth.zzdj zza -> y
    void zza(com.google.firebase.auth.api.internal.zzdt,com.google.android.gms.tasks.TaskCompletionSource) -> a
    void zze() -> a
    java.lang.String zza() -> f
    com.google.android.gms.common.api.internal.TaskApiCall zzb() -> g
com.google.firebase.auth.api.internal.zzct -> com.google.firebase.auth.k0.a.t0:
    com.google.firebase.auth.api.internal.zzcu zza -> a
    void accept(java.lang.Object,java.lang.Object) -> a
com.google.firebase.auth.api.internal.zzcu -> com.google.firebase.auth.k0.a.u0:
    com.google.android.gms.internal.firebase_auth.zzdl zza -> y
    void zza(com.google.firebase.auth.api.internal.zzdt,com.google.android.gms.tasks.TaskCompletionSource) -> a
    void zze() -> a
    java.lang.String zza() -> f
    com.google.android.gms.common.api.internal.TaskApiCall zzb() -> g
com.google.firebase.auth.api.internal.zzcv -> com.google.firebase.auth.k0.a.v0:
    com.google.firebase.auth.api.internal.zzcw zza -> a
    void accept(java.lang.Object,java.lang.Object) -> a
com.google.firebase.auth.api.internal.zzcw -> com.google.firebase.auth.k0.a.w0:
    com.google.android.gms.internal.firebase_auth.zzdn zza -> y
    void zza(com.google.firebase.auth.api.internal.zzdt,com.google.android.gms.tasks.TaskCompletionSource) -> a
    void zze() -> a
    java.lang.String zza() -> f
    com.google.android.gms.common.api.internal.TaskApiCall zzb() -> g
com.google.firebase.auth.api.internal.zzcx -> com.google.firebase.auth.k0.a.x0:
    com.google.firebase.auth.api.internal.zzcy zza -> a
    void accept(java.lang.Object,java.lang.Object) -> a
com.google.firebase.auth.api.internal.zzcy -> com.google.firebase.auth.k0.a.y0:
    com.google.android.gms.internal.firebase_auth.zzdp zza -> y
    void zza(com.google.firebase.auth.api.internal.zzdt,com.google.android.gms.tasks.TaskCompletionSource) -> a
    void zze() -> a
    java.lang.String zza() -> f
    com.google.android.gms.common.api.internal.TaskApiCall zzb() -> g
com.google.firebase.auth.api.internal.zzcz -> com.google.firebase.auth.k0.a.z0:
    com.google.firebase.auth.api.internal.zzda zza -> a
    void accept(java.lang.Object,java.lang.Object) -> a
com.google.firebase.auth.api.internal.zzda -> com.google.firebase.auth.k0.a.a1:
    com.google.android.gms.internal.firebase_auth.zzdr zza -> y
    void zza(com.google.firebase.auth.api.internal.zzdt,com.google.android.gms.tasks.TaskCompletionSource) -> a
    void zze() -> a
    java.lang.String zza() -> f
    com.google.android.gms.common.api.internal.TaskApiCall zzb() -> g
com.google.firebase.auth.api.internal.zzdb -> com.google.firebase.auth.k0.a.b1:
    com.google.firebase.auth.api.internal.zzdc zza -> a
    void accept(java.lang.Object,java.lang.Object) -> a
com.google.firebase.auth.api.internal.zzdc -> com.google.firebase.auth.k0.a.c1:
    void zze() -> a
    java.lang.String zza() -> f
    com.google.android.gms.common.api.internal.TaskApiCall zzb() -> g
com.google.firebase.auth.api.internal.zzdd -> com.google.firebase.auth.k0.a.d1:
    com.google.firebase.auth.api.internal.zzde zza -> a
    void accept(java.lang.Object,java.lang.Object) -> a
com.google.firebase.auth.api.internal.zzde -> com.google.firebase.auth.k0.a.e1:
    java.lang.String zza -> y
    void zza(com.google.firebase.auth.api.internal.zzdt,com.google.android.gms.tasks.TaskCompletionSource) -> a
    void zze() -> a
    java.lang.String zza() -> f
    com.google.android.gms.common.api.internal.TaskApiCall zzb() -> g
com.google.firebase.auth.api.internal.zzdf -> com.google.firebase.auth.k0.a.f1:
    com.google.firebase.auth.api.internal.zzdg zza -> a
    void accept(java.lang.Object,java.lang.Object) -> a